version https://git-lfs.github.com/spec/v1
oid sha256:7c48c1b5cdfd50d29b104c90d77996dcb91b75e319eaed0ba076f783bf871212
size 4997
